10:23:07 AM : C:\Users\graphics\Desktop\RIP FILE\1.prn; 12/3/2019-10:22 AM; 0:0:40; 14%; 0.08191317 m2
10:26:14 AM : C:\Users\graphics\Desktop\RIP FILE\1.prn; 12/3/2019-10:25 AM; 0:0:34; 14%; 0.07997585 m2
10:29:28 AM : C:\Users\graphics\Desktop\RIP FILE\1.prn; 12/3/2019-10:29 AM; 0:0:21; 14%; 0.07997585 m2
10:31:11 AM : C:\Users\graphics\Desktop\RIP FILE\1.prn; 12/3/2019-10:30 AM; 0:0:39; 0%; 0 m2
10:33:45 AM : C:\Users\graphics\Desktop\RIP FILE\1.prn; 12/3/2019-10:33 AM; 0:0:14; 12%; 0.06855074 m2
10:38:28 AM : C:\Users\graphics\Desktop\RIP FILE\1.prn; 12/3/2019-10:37 AM; 0:1:23; 0%; 0 m2
10:41:22 AM : C:\Users\graphics\Desktop\RIP FILE\1.prn; 12/3/2019-10:40 AM; 0:1:12; 100%; 0.5712561 m2
10:46:49 AM : C:\Users\graphics\Desktop\RIP FILE\2.prn; 12/3/2019-10:44 AM; 0:2:47; 100%; 1.42814 m2
10:55:53 AM : C:\Users\graphics\Desktop\RIP FILE\3.prn; 12/3/2019-10:50 AM; 0:5:13; 100%; 3.028249 m2
11:01:47 AM : C:\Users\graphics\Desktop\RIP FILE\4.prn; 12/3/2019-10:57 AM; 0:3:59; 100%; 2.271187 m2
11:05:52 AM : C:\Users\graphics\Desktop\RIP FILE\4.prn; 12/3/2019-11:01 AM; 0:3:58; 100%; 2.271187 m2
11:09:59 AM : C:\Users\graphics\Desktop\RIP FILE\5.prn; 12/3/2019-11:06 AM; 0:3:24; 100%; 0.9480626 m2
11:11:48 AM : C:\Users\graphics\Desktop\RIP FILE\5.prn; 12/3/2019-11:10 AM; 0:1:44; 100%; 0.9480626 m2
11:13:43 AM : C:\Users\graphics\Desktop\RIP FILE\5.prn; 12/3/2019-11:11 AM; 0:1:44; 100%; 0.9480626 m2
11:15:43 AM : C:\Users\graphics\Desktop\RIP FILE\5.prn; 12/3/2019-11:13 AM; 0:1:44; 100%; 0.9480626 m2
11:17:30 AM : C:\Users\graphics\Desktop\RIP FILE\5.prn; 12/3/2019-11:15 AM; 0:1:45; 100%; 0.9480626 m2
11:19:17 AM : C:\Users\graphics\Desktop\RIP FILE\5.prn; 12/3/2019-11:17 AM; 0:1:44; 100%; 0.9480626 m2
11:21:05 AM : C:\Users\graphics\Desktop\RIP FILE\5.prn; 12/3/2019-11:19 AM; 0:1:44; 100%; 0.9480626 m2
11:22:55 AM : C:\Users\graphics\Desktop\RIP FILE\5.prn; 12/3/2019-11:21 AM; 0:1:44; 100%; 0.9480626 m2
11:24:48 AM : C:\Users\graphics\Desktop\RIP FILE\5.prn; 12/3/2019-11:23 AM; 0:1:45; 100%; 0.9480626 m2
11:47:47 AM : C:\Users\graphics\Desktop\RIP FILE\6.prn; 12/3/2019-11:29 AM; 0:17:48; 100%; 4.459346 m2
11:57:03 AM : C:\Users\graphics\Desktop\RIP FILE\7.prn; 12/3/2019-11:47 AM; 0:9:12; 100%; 2.229673 m2
12:51:00 AM : C:\Users\graphics\Desktop\RIP FILE\5.prn; 12/4/2019-12:47 AM; 0:3:29; 100%; 0.9480626 m2
12:56:54 AM : C:\Users\graphics\Desktop\RIP FILE\8.prn; 12/4/2019-12:56 AM; 0:0:44; 5%; 0.1056304 m2
1:09:16 AM : C:\Users\graphics\Desktop\RIP FILE\9.prn; 12/4/2019-12:59 AM; 0:9:56; 100%; 2.112609 m2
1:15:11 AM : C:\Users\graphics\Desktop\RIP FILE\10.prn; 12/4/2019-1:09 AM; 0:5:43; 100%; 1.114836 m2
1:25:54 AM : C:\Users\graphics\Desktop\RIP FILE\11.prn; 12/4/2019-1:18 AM; 0:7:6; 100%; 4.180637 m2
1:37:11 AM : C:\Users\graphics\Desktop\RIP FILE\12.prn; 12/4/2019-1:32 AM; 0:4:39; 100%; 2.322576 m2
7:33:44 AM : C:\Users\graphics\Desktop\RIP FILE\13.prn; 12/4/2019-7:33 AM; 0:0:0; -1%; -0.0235306 m2
7:37:18 AM : C:\Users\graphics\Desktop\RIP FILE\13.prn; 12/4/2019-7:33 AM; 0:3:29; 100%; 2.35306 m2
7:42:05 AM : C:\Users\graphics\Desktop\RIP FILE\13.prn; 12/4/2019-7:38 AM; 0:3:57; 100%; 2.35306 m2
7:46:05 AM : C:\Users\graphics\Desktop\RIP FILE\13.prn; 12/4/2019-7:42 AM; 0:3:25; 100%; 2.35306 m2
7:50:23 AM : C:\Users\graphics\Desktop\RIP FILE\13.prn; 12/4/2019-7:46 AM; 0:3:25; 100%; 2.35306 m2
7:54:18 AM : C:\Users\graphics\Desktop\RIP FILE\13.prn; 12/4/2019-7:50 AM; 0:3:25; 100%; 2.35306 m2
7:58:17 AM : C:\Users\graphics\Desktop\RIP FILE\13.prn; 12/4/2019-7:54 AM; 0:3:26; 100%; 2.35306 m2
8:02:36 AM : C:\Users\graphics\Desktop\RIP FILE\13.prn; 12/4/2019-7:59 AM; 0:3:26; 100%; 2.35306 m2
9:38:41 PM : C:\Users\graphics\Desktop\RIP FILE\13.prn; 12/4/2019-8:04 AM; 13:34:1; 96%; 2.258937 m2
9:42:46 PM : C:\Users\graphics\Desktop\RIP FILE\13.prn; 12/4/2019-9:39 PM; 0:3:26; 96%; 2.258937 m2
9:47:05 PM : C:\Users\graphics\Desktop\RIP FILE\13.prn; 12/4/2019-9:43 PM; 0:3:26; 100%; 2.35306 m2
9:53:13 PM : C:\Users\graphics\Desktop\RIP FILE\14.prn; 12/4/2019-9:49 PM; 0:4:11; 100%; 2.823672 m2
9:57:52 PM : C:\Users\graphics\Desktop\RIP FILE\14.prn; 12/4/2019-9:53 PM; 0:4:11; 100%; 2.823672 m2
10:02:35 PM : C:\Users\graphics\Desktop\RIP FILE\14.prn; 12/4/2019-9:58 PM; 0:4:11; 100%; 2.823672 m2
10:07:15 PM : C:\Users\graphics\Desktop\RIP FILE\14.prn; 12/4/2019-10:03 PM; 0:4:11; 100%; 2.823672 m2
10:12:12 PM : C:\Users\graphics\Desktop\RIP FILE\15.prn; 12/4/2019-10:08 PM; 0:4:11; 100%; 2.823672 m2
10:17:21 PM : C:\Users\graphics\Desktop\RIP FILE\15.prn; 12/4/2019-10:13 PM; 0:4:10; 100%; 2.823672 m2
10:23:07 PM : C:\Users\graphics\Desktop\RIP FILE\15.prn; 12/4/2019-10:18 PM; 0:4:11; 100%; 2.823672 m2
10:29:16 PM : C:\Users\graphics\Desktop\RIP FILE\15.prn; 12/4/2019-10:25 PM; 0:4:10; 100%; 2.823672 m2
10:35:13 PM : C:\Users\graphics\Desktop\RIP FILE\18.prn; 12/4/2019-10:29 PM; 0:5:16; 100%; 3.778057 m2
10:44:03 PM : C:\Users\graphics\Desktop\RIP FILE\15.prn; 12/4/2019-10:35 PM; 0:8:21; 100%; 2.823672 m2
10:49:53 PM : C:\Users\graphics\Desktop\RIP FILE\15.prn; 12/4/2019-10:45 PM; 0:4:11; 100%; 2.823672 m2
10:55:06 PM : C:\Users\graphics\Desktop\RIP FILE\15.prn; 12/4/2019-10:50 PM; 0:4:11; 100%; 2.823672 m2
11:42:24 PM : C:\Users\graphics\Desktop\RIP FILE\19.prn; 12/4/2019-11:38 PM; 0:3:31; 100%; 2.229673 m2
11:45:59 PM : C:\Users\graphics\Desktop\RIP FILE\19.prn; 12/4/2019-11:42 PM; 0:3:31; 100%; 2.229673 m2
11:49:39 PM : C:\Users\graphics\Desktop\RIP FILE\19.prn; 12/4/2019-11:46 PM; 0:3:30; 100%; 2.229673 m2
11:53:14 PM : C:\Users\graphics\Desktop\RIP FILE\19.prn; 12/4/2019-11:49 PM; 0:3:31; 100%; 2.229673 m2
11:56:47 PM : C:\Users\graphics\Desktop\RIP FILE\19.prn; 12/4/2019-11:53 PM; 0:3:31; 100%; 2.229673 m2
12:00:33 AM : C:\Users\graphics\Desktop\RIP FILE\19.prn; 12/4/2019-11:57 PM; 0:3:31; 100%; 2.229673 m2
12:06:46 AM : C:\Users\graphics\Desktop\RIP FILE\20.prn; 12/5/2019-12:05 AM; 0:1:30; 100%; 0.8361273 m2
12:10:46 AM : C:\Users\graphics\Desktop\RIP FILE\21.prn; 12/5/2019-12:07 AM; 0:3:20; 100%; 1.858061 m2
12:14:18 AM : C:\Users\graphics\Desktop\RIP FILE\22.prn; 12/5/2019-12:10 AM; 0:3:20; 100%; 1.858061 m2
12:32:49 AM : C:\Users\graphics\Desktop\RIP FILE\23.prn; 12/5/2019-12:31 AM; 0:1:45; 93%; 0.7775984 m2
12:35:38 AM : C:\Users\graphics\Desktop\RIP FILE\23.prn; 12/5/2019-12:33 AM; 0:2:21; 52%; 0.4347862 m2
12:37:27 AM : C:\Users\graphics\Desktop\RIP FILE\23.prn; 12/5/2019-12:35 AM; 0:1:46; 100%; 0.8361273 m2
12:39:17 AM : C:\Users\graphics\Desktop\RIP FILE\23.prn; 12/5/2019-12:37 AM; 0:1:46; 100%; 0.8361273 m2
12:41:05 AM : C:\Users\graphics\Desktop\RIP FILE\23.prn; 12/5/2019-12:39 AM; 0:1:46; 100%; 0.8361273 m2
12:42:54 AM : C:\Users\graphics\Desktop\RIP FILE\23.prn; 12/5/2019-12:41 AM; 0:1:46; 100%; 0.8361273 m2
12:44:43 AM : C:\Users\graphics\Desktop\RIP FILE\23.prn; 12/5/2019-12:42 AM; 0:1:45; 100%; 0.8361273 m2
12:47:48 AM : C:\Users\graphics\Desktop\RIP FILE\23.prn; 12/5/2019-12:45 AM; 0:2:10; 100%; 0.8361273 m2
12:49:34 AM : C:\Users\graphics\Desktop\RIP FILE\23.prn; 12/5/2019-12:47 AM; 0:1:46; 100%; 0.8361273 m2
12:53:26 AM : C:\Users\graphics\Desktop\RIP FILE\23.prn; 12/5/2019-12:49 AM; 0:3:51; 100%; 0.8361273 m2
12:55:49 AM : C:\Users\graphics\Desktop\RIP FILE\23.prn; 12/5/2019-12:53 AM; 0:2:22; 100%; 0.8361273 m2
12:57:36 AM : C:\Users\graphics\Desktop\RIP FILE\23.prn; 12/5/2019-12:55 AM; 0:1:46; 100%; 0.8361273 m2
12:59:40 AM : C:\Users\graphics\Desktop\RIP FILE\23.prn; 12/5/2019-12:57 AM; 0:1:46; 100%; 0.8361273 m2
1:01:26 AM : C:\Users\graphics\Desktop\RIP FILE\23.prn; 12/5/2019-12:59 AM; 0:1:46; 100%; 0.8361273 m2
1:03:13 AM : C:\Users\graphics\Desktop\RIP FILE\23.prn; 12/5/2019-1:01 AM; 0:1:46; 100%; 0.8361273 m2
1:04:59 AM : C:\Users\graphics\Desktop\RIP FILE\23.prn; 12/5/2019-1:03 AM; 0:1:46; 100%; 0.8361273 m2
1:06:46 AM : C:\Users\graphics\Desktop\RIP FILE\23.prn; 12/5/2019-1:05 AM; 0:1:46; 100%; 0.8361273 m2
1:09:15 AM : C:\Users\graphics\Desktop\RIP FILE\23.prn; 12/5/2019-1:07 AM; 0:1:46; 100%; 0.8361273 m2
11:36:13 AM : C:\Users\graphics\Desktop\RIP FILE\24.prn; 12/5/2019-11:32 AM; 0:3:42; 100%; 1.672255 m2
11:39:18 AM : C:\Users\graphics\Desktop\RIP FILE\24.prn; 12/5/2019-11:36 AM; 0:3:2; 100%; 1.672255 m2
11:42:23 AM : C:\Users\graphics\Desktop\RIP FILE\24.prn; 12/5/2019-11:39 AM; 0:3:2; 100%; 1.672255 m2
11:57:19 AM : C:\Users\graphics\Desktop\RIP FILE\25.prn; 12/5/2019-11:51 AM; 0:6:3; 100%; 4.250314 m2
12:10:31 PM : C:\Users\graphics\Desktop\RIP FILE\26.prn; 12/5/2019-12:02 PM; 0:7:47; 38%; 0.4236379 m2
12:17:07 PM : C:\Users\graphics\Desktop\RIP FILE\28.prn; 12/5/2019-12:11 PM; 0:5:43; 100%; 1.114836 m2
1:30:55 PM : C:\Users\graphics\Desktop\RIP FILE\1.prn; 12/5/2019-1:30 PM; 0:0:16; 0%; 0 m2
1:41:00 PM : C:\Users\graphics\Desktop\RIP FILE\1.prn; 12/5/2019-1:31 PM; 0:9:56; 100%; 4.721281 m2
1:54:52 PM : C:\Users\graphics\Desktop\RIP FILE\2.prn; 12/5/2019-1:45 PM; 0:8:52; 100%; 3.79225 m2
1:57:47 PM : C:\Users\graphics\Desktop\RIP FILE\3.prn; 12/5/2019-1:55 PM; 0:2:45; 100%; 1.114836 m2
2:18:00 PM : C:\Users\graphics\Desktop\RIP FILE\4.prn; 12/5/2019-2:18 PM; 0:0:0; 0%; 0 m2
2:19:17 PM : C:\Users\graphics\Desktop\RIP FILE\4.prn; 12/5/2019-2:18 PM; 0:1:13; 100%; 0.5574182 m2
2:20:39 PM : C:\Users\graphics\Desktop\RIP FILE\5.prn; 12/5/2019-2:19 PM; 0:1:13; 100%; 0.5574182 m2
2:24:18 PM : C:\Users\graphics\Desktop\RIP FILE\6.prn; 12/5/2019-2:22 PM; 0:1:27; 100%; 0.6967728 m2
2:29:54 PM : C:\Users\graphics\Desktop\RIP FILE\7.prn; 12/5/2019-2:28 PM; 0:1:27; 100%; 0.7432243 m2
2:31:34 PM : C:\Users\graphics\Desktop\RIP FILE\8.prn; 12/5/2019-2:30 PM; 0:1:27; 100%; 0.7432243 m2
6:19:07 PM : C:\Users\graphics\Desktop\RIP FILE\9.prn; 12/5/2019-6:15 PM; 0:3:39; 100%; 0.7432243 m2
6:21:40 PM : C:\Users\graphics\Desktop\RIP FILE\11.prn; 12/5/2019-6:21 PM; 0:0:0; 0%; 0 m2
6:25:45 PM : C:\Users\graphics\Desktop\RIP FILE\11.prn; 12/5/2019-6:21 PM; 0:4:0; 100%; 2.229673 m2
6:29:47 PM : C:\Users\graphics\Desktop\RIP FILE\11.prn; 12/5/2019-6:25 PM; 0:4:0; 100%; 2.229673 m2
6:33:56 PM : C:\Users\graphics\Desktop\RIP FILE\12.prn; 12/5/2019-6:29 PM; 0:4:0; 100%; 2.229673 m2
6:51:39 PM : C:\Users\graphics\Desktop\RIP FILE\13.prn; 12/5/2019-6:49 PM; 0:1:53; 6%; 0.7803855 m2